
The following have been reloaded with a version change:
  1) gcc-native/12.3 => gcc-native/13.2

environment: __add_sys_prefix_to_path: command not found
environment: __add_sys_prefix_to_path: command not found
environment: __add_sys_prefix_to_path: command not found
environment: __add_sys_prefix_to_path: command not found
environment: __add_sys_prefix_to_path: command not found
environment: __add_sys_prefix_to_path: command not found
environment: __add_sys_prefix_to_path: command not found
environment: __add_sys_prefix_to_path: command not found

Inactive Modules:
  1) cray-netcdf/4.9.0.9

The following have been reloaded with a version change:
  1) cray-hdf5/1.12.2.9 => cray-hdf5/1.14.3.1


Activating Modules:
  1) cray-netcdf/4.9.0.13


The following have been reloaded with a version change:
  1) cray-parallel-netcdf/1.12.3.9 => cray-parallel-netcdf/1.12.3.13


Inactive Modules:
  1) cray-netcdf/4.9.0.9

The following have been reloaded with a version change:
  1) cray-hdf5/1.12.2.9 => cray-hdf5/1.14.3.1


The following have been reloaded with a version change:
  1) cray-hdf5/1.14.3.1 => cray-hdf5/1.12.2.9
  2) cray-netcdf/4.9.0.13 => cray-netcdf/4.9.0.9
  3) cray-parallel-netcdf/1.12.3.13 => cray-parallel-netcdf/1.12.3.9
  4) gcc-native/13.2 => gcc-native/12.3


Activating Modules:
  1) cray-netcdf/4.9.0.13


Inactive Modules:
  1) cray-netcdf/4.9.0.9

The following have been reloaded with a version change:
  1) cray-hdf5/1.12.2.9 => cray-hdf5/1.14.3.1


The following have been reloaded with a version change:
  1) cray-parallel-netcdf/1.12.3.9 => cray-parallel-netcdf/1.12.3.13


Activating Modules:
  1) cray-netcdf/4.9.0.13


The following have been reloaded with a version change:
  1) cray-mpich/8.1.30 => cray-mpich/8.1.28


The following have been reloaded with a version change:
  1) cray-parallel-netcdf/1.12.3.9 => cray-parallel-netcdf/1.12.3.13


The following have been reloaded with a version change:
  1) cray-mpich/8.1.28 => cray-mpich/8.1.30


Inactive Modules:
  1) cray-netcdf/4.9.0.9

The following have been reloaded with a version change:
  1) cray-hdf5/1.12.2.9 => cray-hdf5/1.14.3.1


The following have been reloaded with a version change:
  1) cray-hdf5/1.14.3.1 => cray-hdf5/1.12.2.9
  2) cray-netcdf/4.9.0.13 => cray-netcdf/4.9.0.9
  3) cray-parallel-netcdf/1.12.3.13 => cray-parallel-netcdf/1.12.3.9
  4) gcc-native/13.2 => gcc-native/12.3


Activating Modules:
  1) cray-netcdf/4.9.0.13


The following have been reloaded with a version change:
  1) cray-hdf5/1.14.3.1 => cray-hdf5/1.12.2.9
  2) cray-netcdf/4.9.0.13 => cray-netcdf/4.9.0.9
  3) cray-parallel-netcdf/1.12.3.13 => cray-parallel-netcdf/1.12.3.9
  4) gcc-native/13.2 => gcc-native/12.3


The following have been reloaded with a version change:
  1) cray-mpich/8.1.30 => cray-mpich/8.1.28


The following have been reloaded with a version change:
  1) cray-parallel-netcdf/1.12.3.9 => cray-parallel-netcdf/1.12.3.13


The following have been reloaded with a version change:
  1) cray-mpich/8.1.30 => cray-mpich/8.1.28


The following have been reloaded with a version change:
  1) cray-mpich/8.1.28 => cray-mpich/8.1.30


The following have been reloaded with a version change:
  1) cray-mpich/8.1.28 => cray-mpich/8.1.30


The following have been reloaded with a version change:
  1) cray-hdf5/1.14.3.1 => cray-hdf5/1.12.2.9
  2) cray-netcdf/4.9.0.13 => cray-netcdf/4.9.0.9
  3) cray-parallel-netcdf/1.12.3.13 => cray-parallel-netcdf/1.12.3.9
  4) gcc-native/13.2 => gcc-native/12.3


The following have been reloaded with a version change:
  1) cray-mpich/8.1.30 => cray-mpich/8.1.28


The following have been reloaded with a version change:
  1) cray-mpich/8.1.28 => cray-mpich/8.1.30

[W813 15:56:21.294061892 Utils.hpp:136] Warning: Environment variable NCCL_ASYNC_ERROR_HANDLING is deprecated; use TORCH_NCCL_ASYNC_ERROR_HANDLING instead (function operator())
[W813 15:56:21.068566866 Utils.hpp:136] Warning: Environment variable NCCL_ASYNC_ERROR_HANDLING is deprecated; use TORCH_NCCL_ASYNC_ERROR_HANDLING instead (function operator())
[W813 15:56:21.943295620 Utils.hpp:136] Warning: Environment variable NCCL_ASYNC_ERROR_HANDLING is deprecated; use TORCH_NCCL_ASYNC_ERROR_HANDLING instead (function operator())
[W813 15:56:21.026316093 Utils.hpp:136] Warning: Environment variable NCCL_ASYNC_ERROR_HANDLING is deprecated; use TORCH_NCCL_ASYNC_ERROR_HANDLING instead (function operator())
[W813 15:56:21.767761265 Utils.hpp:136] Warning: Environment variable NCCL_ASYNC_ERROR_HANDLING is deprecated; use TORCH_NCCL_ASYNC_ERROR_HANDLING instead (function operator())
[W813 15:56:21.776659375 Utils.hpp:136] Warning: Environment variable NCCL_ASYNC_ERROR_HANDLING is deprecated; use TORCH_NCCL_ASYNC_ERROR_HANDLING instead (function operator())
[W813 15:56:21.785281098 Utils.hpp:136] Warning: Environment variable NCCL_ASYNC_ERROR_HANDLING is deprecated; use TORCH_NCCL_ASYNC_ERROR_HANDLING instead (function operator())
[W813 15:56:21.499131064 Utils.hpp:136] Warning: Environment variable NCCL_ASYNC_ERROR_HANDLING is deprecated; use TORCH_NCCL_ASYNC_ERROR_HANDLING instead (function operator())
[W813 15:56:21.502528900 Utils.hpp:136] Warning: Environment variable NCCL_ASYNC_ERROR_HANDLING is deprecated; use TORCH_NCCL_ASYNC_ERROR_HANDLING instead (function operator())
[W813 15:56:21.507506774 Utils.hpp:136] Warning: Environment variable NCCL_ASYNC_ERROR_HANDLING is deprecated; use TORCH_NCCL_ASYNC_ERROR_HANDLING instead (function operator())
[W813 15:56:22.577485446 Utils.hpp:136] Warning: Environment variable NCCL_ASYNC_ERROR_HANDLING is deprecated; use TORCH_NCCL_ASYNC_ERROR_HANDLING instead (function operator())
[W813 15:56:22.578219726 Utils.hpp:136] Warning: Environment variable NCCL_ASYNC_ERROR_HANDLING is deprecated; use TORCH_NCCL_ASYNC_ERROR_HANDLING instead (function operator())
[W813 15:56:22.578958865 Utils.hpp:136] Warning: Environment variable NCCL_ASYNC_ERROR_HANDLING is deprecated; use TORCH_NCCL_ASYNC_ERROR_HANDLING instead (function operator())
[W813 15:56:22.552337399 Utils.hpp:136] Warning: Environment variable NCCL_ASYNC_ERROR_HANDLING is deprecated; use TORCH_NCCL_ASYNC_ERROR_HANDLING instead (function operator())
[W813 15:56:22.556600939 Utils.hpp:136] Warning: Environment variable NCCL_ASYNC_ERROR_HANDLING is deprecated; use TORCH_NCCL_ASYNC_ERROR_HANDLING instead (function operator())
[W813 15:56:22.556827279 Utils.hpp:136] Warning: Environment variable NCCL_ASYNC_ERROR_HANDLING is deprecated; use TORCH_NCCL_ASYNC_ERROR_HANDLING instead (function operator())
[rank12]:[W813 15:56:25.777122872 Utils.hpp:111] Warning: Environment variable NCCL_ASYNC_ERROR_HANDLING is deprecated; use TORCH_NCCL_ASYNC_ERROR_HANDLING instead (function operator())
[rank13]:[W813 15:56:25.777170204 Utils.hpp:111] Warning: Environment variable NCCL_ASYNC_ERROR_HANDLING is deprecated; use TORCH_NCCL_ASYNC_ERROR_HANDLING instead (function operator())
[rank5]:[W813 15:56:25.599307801 Utils.hpp:111] Warning: Environment variable NCCL_ASYNC_ERROR_HANDLING is deprecated; use TORCH_NCCL_ASYNC_ERROR_HANDLING instead (function operator())
[rank1]:[W813 15:56:25.317860280 Utils.hpp:111] Warning: Environment variable NCCL_ASYNC_ERROR_HANDLING is deprecated; use TORCH_NCCL_ASYNC_ERROR_HANDLING instead (function operator())
[rank0]:[W813 15:56:25.317883956 Utils.hpp:111] Warning: Environment variable NCCL_ASYNC_ERROR_HANDLING is deprecated; use TORCH_NCCL_ASYNC_ERROR_HANDLING instead (function operator())
[rank4]:[W813 15:56:25.599438734 Utils.hpp:111] Warning: Environment variable NCCL_ASYNC_ERROR_HANDLING is deprecated; use TORCH_NCCL_ASYNC_ERROR_HANDLING instead (function operator())
[rank15]:[W813 15:56:25.780012324 Utils.hpp:111] Warning: Environment variable NCCL_ASYNC_ERROR_HANDLING is deprecated; use TORCH_NCCL_ASYNC_ERROR_HANDLING instead (function operator())
[rank14]:[W813 15:56:25.780262438 Utils.hpp:111] Warning: Environment variable NCCL_ASYNC_ERROR_HANDLING is deprecated; use TORCH_NCCL_ASYNC_ERROR_HANDLING instead (function operator())
[rank8]:[W813 15:56:25.569920818 Utils.hpp:111] Warning: Environment variable NCCL_ASYNC_ERROR_HANDLING is deprecated; use TORCH_NCCL_ASYNC_ERROR_HANDLING instead (function operator())
[rank9]:[W813 15:56:25.569959282 Utils.hpp:111] Warning: Environment variable NCCL_ASYNC_ERROR_HANDLING is deprecated; use TORCH_NCCL_ASYNC_ERROR_HANDLING instead (function operator())
[rank3]:[W813 15:56:25.320760159 Utils.hpp:111] Warning: Environment variable NCCL_ASYNC_ERROR_HANDLING is deprecated; use TORCH_NCCL_ASYNC_ERROR_HANDLING instead (function operator())
[rank2]:[W813 15:56:25.320837017 Utils.hpp:111] Warning: Environment variable NCCL_ASYNC_ERROR_HANDLING is deprecated; use TORCH_NCCL_ASYNC_ERROR_HANDLING instead (function operator())
[rank7]:[W813 15:56:25.602399828 Utils.hpp:111] Warning: Environment variable NCCL_ASYNC_ERROR_HANDLING is deprecated; use TORCH_NCCL_ASYNC_ERROR_HANDLING instead (function operator())
[rank6]:[W813 15:56:25.602554456 Utils.hpp:111] Warning: Environment variable NCCL_ASYNC_ERROR_HANDLING is deprecated; use TORCH_NCCL_ASYNC_ERROR_HANDLING instead (function operator())
[rank10]:[W813 15:56:25.572829616 Utils.hpp:111] Warning: Environment variable NCCL_ASYNC_ERROR_HANDLING is deprecated; use TORCH_NCCL_ASYNC_ERROR_HANDLING instead (function operator())
[rank11]:[W813 15:56:25.572883481 Utils.hpp:111] Warning: Environment variable NCCL_ASYNC_ERROR_HANDLING is deprecated; use TORCH_NCCL_ASYNC_ERROR_HANDLING instead (function operator())
/pscratch/sd/h/heroplr/Parcel_model/Standalone/parcel_array_20250813_004233_v7/ddp_pinn_helper.py:207: UserWarning: r_drys/Nis/kappas missing or wrong length; using placeholders.
  warnings.warn("r_drys/Nis/kappas missing or wrong length; using placeholders.")
/pscratch/sd/h/heroplr/Parcel_model/Standalone/parcel_array_20250813_004233_v7/ddp_pinn_helper.py:207: UserWarning: r_drys/Nis/kappas missing or wrong length; using placeholders.
  warnings.warn("r_drys/Nis/kappas missing or wrong length; using placeholders.")
/pscratch/sd/h/heroplr/Parcel_model/Standalone/parcel_array_20250813_004233_v7/ddp_pinn_helper.py:207: UserWarning: r_drys/Nis/kappas missing or wrong length; using placeholders.
  warnings.warn("r_drys/Nis/kappas missing or wrong length; using placeholders.")
/pscratch/sd/h/heroplr/Parcel_model/Standalone/parcel_array_20250813_004233_v7/ddp_pinn_helper.py:207: UserWarning: r_drys/Nis/kappas missing or wrong length; using placeholders.
  warnings.warn("r_drys/Nis/kappas missing or wrong length; using placeholders.")
/pscratch/sd/h/heroplr/Parcel_model/Standalone/parcel_array_20250813_004233_v7/ddp_pinn_helper.py:207: UserWarning: r_drys/Nis/kappas missing or wrong length; using placeholders.
  warnings.warn("r_drys/Nis/kappas missing or wrong length; using placeholders.")
/pscratch/sd/h/heroplr/Parcel_model/Standalone/parcel_array_20250813_004233_v7/ddp_pinn_helper.py:207: UserWarning: r_drys/Nis/kappas missing or wrong length; using placeholders.
  warnings.warn("r_drys/Nis/kappas missing or wrong length; using placeholders.")
/pscratch/sd/h/heroplr/Parcel_model/Standalone/parcel_array_20250813_004233_v7/ddp_pinn_helper.py:207: UserWarning: r_drys/Nis/kappas missing or wrong length; using placeholders.
  warnings.warn("r_drys/Nis/kappas missing or wrong length; using placeholders.")
/pscratch/sd/h/heroplr/Parcel_model/Standalone/parcel_array_20250813_004233_v7/ddp_pinn_helper.py:207: UserWarning: r_drys/Nis/kappas missing or wrong length; using placeholders.
  warnings.warn("r_drys/Nis/kappas missing or wrong length; using placeholders.")
/pscratch/sd/h/heroplr/Parcel_model/Standalone/parcel_array_20250813_004233_v7/ddp_pinn_helper.py:207: UserWarning: r_drys/Nis/kappas missing or wrong length; using placeholders.
  warnings.warn("r_drys/Nis/kappas missing or wrong length; using placeholders.")
/pscratch/sd/h/heroplr/Parcel_model/Standalone/parcel_array_20250813_004233_v7/ddp_pinn_helper.py:207: UserWarning: r_drys/Nis/kappas missing or wrong length; using placeholders.
  warnings.warn("r_drys/Nis/kappas missing or wrong length; using placeholders.")
/pscratch/sd/h/heroplr/Parcel_model/Standalone/parcel_array_20250813_004233_v7/ddp_pinn_helper.py:207: UserWarning: r_drys/Nis/kappas missing or wrong length; using placeholders.
  warnings.warn("r_drys/Nis/kappas missing or wrong length; using placeholders.")
/pscratch/sd/h/heroplr/Parcel_model/Standalone/parcel_array_20250813_004233_v7/ddp_pinn_helper.py:207: UserWarning: r_drys/Nis/kappas missing or wrong length; using placeholders.
  warnings.warn("r_drys/Nis/kappas missing or wrong length; using placeholders.")
/pscratch/sd/h/heroplr/Parcel_model/Standalone/parcel_array_20250813_004233_v7/ddp_pinn_helper.py:207: UserWarning: r_drys/Nis/kappas missing or wrong length; using placeholders.
  warnings.warn("r_drys/Nis/kappas missing or wrong length; using placeholders.")
/pscratch/sd/h/heroplr/Parcel_model/Standalone/parcel_array_20250813_004233_v7/ddp_pinn_helper.py:207: UserWarning: r_drys/Nis/kappas missing or wrong length; using placeholders.
  warnings.warn("r_drys/Nis/kappas missing or wrong length; using placeholders.")
/pscratch/sd/h/heroplr/Parcel_model/Standalone/parcel_array_20250813_004233_v7/ddp_pinn_helper.py:207: UserWarning: r_drys/Nis/kappas missing or wrong length; using placeholders.
  warnings.warn("r_drys/Nis/kappas missing or wrong length; using placeholders.")
/pscratch/sd/h/heroplr/Parcel_model/Standalone/parcel_array_20250813_004233_v7/ddp_pinn_helper.py:207: UserWarning: r_drys/Nis/kappas missing or wrong length; using placeholders.
  warnings.warn("r_drys/Nis/kappas missing or wrong length; using placeholders.")
[W813 18:59:29.838994182 TCPStore.cpp:115] [c10d] recvVector failed on SocketImpl(fd=3, addr=[nid008404-hsn0]:54458, remote=[nid008397-hsn0]:29563): failed to recv, got 0 bytes
Exception raised from recvBytes at /mscratch/sd/s/swowner/pytorch-build/pytorch/2.6.0/pytorch/torch/csrc/distributed/c10d/Utils.hpp:671 (most recent call first):
frame #0: c10::Error::Error(c10::SourceLocation, std::__cxx11::basic_string<char, std::char_traits<char>, std::allocator<char> >) + 0x80 (0x7f95a70f8560 in /global/common/software/nersc9/pytorch/2.6.0/lib/python3.12/site-packages/torch/lib/libc10.so)
frame #1: <unknown function> + 0x578ca0f (0x7f959e470a0f in /global/common/software/nersc9/pytorch/2.6.0/lib/python3.12/site-packages/torch/lib/libtorch_cpu.so)
frame #2: <unknown function> + 0x578d19b (0x7f959e47119b in /global/common/software/nersc9/pytorch/2.6.0/lib/python3.12/site-packages/torch/lib/libtorch_cpu.so)
frame #3: <unknown function> + 0x578e937 (0x7f959e472937 in /global/common/software/nersc9/pytorch/2.6.0/lib/python3.12/site-packages/torch/lib/libtorch_cpu.so)
frame #4: c10d::TCPStore::compareSet(std::__cxx11::basic_string<char, std::char_traits<char>, std::allocator<char> > const&, std::vector<unsigned char, std::allocator<unsigned char> > const&, std::vector<unsigned char, std::allocator<unsigned char> > const&) + 0x262 (0x7f959e46f772 in /global/common/software/nersc9/pytorch/2.6.0/lib/python3.12/site-packages/torch/lib/libtorch_cpu.so)
frame #5: <unknown function> + 0xcbb5c7 (0x7f95a602d5c7 in /global/common/software/nersc9/pytorch/2.6.0/lib/python3.12/site-packages/torch/lib/libtorch_python.so)
frame #6: <unknown function> + 0x43f34d (0x7f95a57b134d in /global/common/software/nersc9/pytorch/2.6.0/lib/python3.12/site-packages/torch/lib/libtorch_python.so)
frame #7: <unknown function> + 0x224988 (0x55c6121f4988 in /global/common/software/nersc9/pytorch/2.6.0/bin/python)
frame #8: _PyObject_MakeTpCall + 0x2c3 (0x55c6121d4c53 in /global/common/software/nersc9/pytorch/2.6.0/bin/python)
frame #9: <unknown function> + 0x251c37 (0x55c612221c37 in /global/common/software/nersc9/pytorch/2.6.0/bin/python)
frame #10: <unknown function> + 0x113464 (0x55c6120e3464 in /global/common/software/nersc9/pytorch/2.6.0/bin/python)
frame #11: _PyObject_FastCallDictTstate + 0x1ee (0x55c6121d77de in /global/common/software/nersc9/pytorch/2.6.0/bin/python)
frame #12: _PyObject_Call_Prepend + 0xe9 (0x55c612202b49 in /global/common/software/nersc9/pytorch/2.6.0/bin/python)
frame #13: <unknown function> + 0x30412b (0x55c6122d412b in /global/common/software/nersc9/pytorch/2.6.0/bin/python)
frame #14: _PyObject_Call + 0xb5 (0x55c612205535 in /global/common/software/nersc9/pytorch/2.6.0/bin/python)
frame #15: <unknown function> + 0x113464 (0x55c6120e3464 in /global/common/software/nersc9/pytorch/2.6.0/bin/python)
frame #16: PyEval_EvalCode + 0xa1 (0x55c61228b281 in /global/common/software/nersc9/pytorch/2.6.0/bin/python)
frame #17: <unknown function> + 0x2df90a (0x55c6122af90a in /global/common/software/nersc9/pytorch/2.6.0/bin/python)
frame #18: <unknown function> + 0x2da915 (0x55c6122aa915 in /global/common/software/nersc9/pytorch/2.6.0/bin/python)
frame #19: <unknown function> + 0x2f3220 (0x55c6122c3220 in /global/common/software/nersc9/pytorch/2.6.0/bin/python)
frame #20: _PyRun_SimpleFileObject + 0x1ce (0x55c6122c289e in /global/common/software/nersc9/pytorch/2.6.0/bin/python)
frame #21: _PyRun_AnyFileObject + 0x44 (0x55c6122c2564 in /global/common/software/nersc9/pytorch/2.6.0/bin/python)
frame #22: Py_RunMain + 0x2fe (0x55c6122bb7ee in /global/common/software/nersc9/pytorch/2.6.0/bin/python)
frame #23: Py_BytesMain + 0x37 (0x55c6122753c7 in /global/common/software/nersc9/pytorch/2.6.0/bin/python)
frame #24: __libc_start_main + 0xef (0x7f95b3f191fd in /lib64/libc.so.6)
frame #25: <unknown function> + 0x2a5271 (0x55c612275271 in /global/common/software/nersc9/pytorch/2.6.0/bin/python)

W0813 18:59:29.139000 1368268 site-packages/torch/distributed/elastic/rendezvous/dynamic_rendezvous.py:1284] The node 'nid008404-hsn0_1368268_0' has failed to shutdown the rendezvous 'none' due to an error of type RendezvousConnectionError.
[W813 18:59:29.844545232 TCPStore.cpp:106] [c10d] sendBytes failed on SocketImpl(fd=3, addr=[nid008404-hsn0]:54458, remote=[nid008397-hsn0]:29563): Broken pipe
Exception raised from sendBytes at /mscratch/sd/s/swowner/pytorch-build/pytorch/2.6.0/pytorch/torch/csrc/distributed/c10d/Utils.hpp:646 (most recent call first):
frame #0: c10::Error::Error(c10::SourceLocation, std::__cxx11::basic_string<char, std::char_traits<char>, std::allocator<char> >) + 0x80 (0x7f95a70f8560 in /global/common/software/nersc9/pytorch/2.6.0/lib/python3.12/site-packages/torch/lib/libc10.so)
frame #1: <unknown function> + 0x578cd55 (0x7f959e470d55 in /global/common/software/nersc9/pytorch/2.6.0/lib/python3.12/site-packages/torch/lib/libtorch_cpu.so)
frame #2: <unknown function> + 0x578f01c (0x7f959e47301c in /global/common/software/nersc9/pytorch/2.6.0/lib/python3.12/site-packages/torch/lib/libtorch_cpu.so)
frame #3: c10d::TCPStore::compareSet(std::__cxx11::basic_string<char, std::char_traits<char>, std::allocator<char> > const&, std::vector<unsigned char, std::allocator<unsigned char> > const&, std::vector<unsigned char, std::allocator<unsigned char> > const&) + 0x309 (0x7f959e46f819 in /global/common/software/nersc9/pytorch/2.6.0/lib/python3.12/site-packages/torch/lib/libtorch_cpu.so)
frame #4: <unknown function> + 0xcbb5c7 (0x7f95a602d5c7 in /global/common/software/nersc9/pytorch/2.6.0/lib/python3.12/site-packages/torch/lib/libtorch_python.so)
frame #5: <unknown function> + 0x43f34d (0x7f95a57b134d in /global/common/software/nersc9/pytorch/2.6.0/lib/python3.12/site-packages/torch/lib/libtorch_python.so)
frame #6: <unknown function> + 0x224988 (0x55c6121f4988 in /global/common/software/nersc9/pytorch/2.6.0/bin/python)
frame #7: _PyObject_MakeTpCall + 0x2c3 (0x55c6121d4c53 in /global/common/software/nersc9/pytorch/2.6.0/bin/python)
frame #8: <unknown function> + 0x251c37 (0x55c612221c37 in /global/common/software/nersc9/pytorch/2.6.0/bin/python)
frame #9: <unknown function> + 0x113464 (0x55c6120e3464 in /global/common/software/nersc9/pytorch/2.6.0/bin/python)
frame #10: _PyObject_FastCallDictTstate + 0x1ee (0x55c6121d77de in /global/common/software/nersc9/pytorch/2.6.0/bin/python)
frame #11: _PyObject_Call_Prepend + 0xe9 (0x55c612202b49 in /global/common/software/nersc9/pytorch/2.6.0/bin/python)
frame #12: <unknown function> + 0x30412b (0x55c6122d412b in /global/common/software/nersc9/pytorch/2.6.0/bin/python)
frame #13: _PyObject_Call + 0xb5 (0x55c612205535 in /global/common/software/nersc9/pytorch/2.6.0/bin/python)
frame #14: <unknown function> + 0x113464 (0x55c6120e3464 in /global/common/software/nersc9/pytorch/2.6.0/bin/python)
frame #15: PyEval_EvalCode + 0xa1 (0x55c61228b281 in /global/common/software/nersc9/pytorch/2.6.0/bin/python)
frame #16: <unknown function> + 0x2df90a (0x55c6122af90a in /global/common/software/nersc9/pytorch/2.6.0/bin/python)
frame #17: <unknown function> + 0x2da915 (0x55c6122aa915 in /global/common/software/nersc9/pytorch/2.6.0/bin/python)
frame #18: <unknown function> + 0x2f3220 (0x55c6122c3220 in /global/common/software/nersc9/pytorch/2.6.0/bin/python)
frame #19: _PyRun_SimpleFileObject + 0x1ce (0x55c6122c289e in /global/common/software/nersc9/pytorch/2.6.0/bin/python)
frame #20: _PyRun_AnyFileObject + 0x44 (0x55c6122c2564 in /global/common/software/nersc9/pytorch/2.6.0/bin/python)
frame #21: Py_RunMain + 0x2fe (0x55c6122bb7ee in /global/common/software/nersc9/pytorch/2.6.0/bin/python)
frame #22: Py_BytesMain + 0x37 (0x55c6122753c7 in /global/common/software/nersc9/pytorch/2.6.0/bin/python)
frame #23: __libc_start_main + 0xef (0x7f95b3f191fd in /lib64/libc.so.6)
frame #24: <unknown function> + 0x2a5271 (0x55c612275271 in /global/common/software/nersc9/pytorch/2.6.0/bin/python)

W0813 18:59:29.142000 1368268 site-packages/torch/distributed/elastic/rendezvous/dynamic_rendezvous.py:1284] The node 'nid008404-hsn0_1368268_0' has failed to shutdown the rendezvous 'none' due to an error of type RendezvousConnectionError.

